2019-01-02 23:23:46.538  INFO 7976 --- [main] com.tensquare.base.BaseApplication       : Starting BaseApplication on hnnw-PC with PID 7976 (E:\tensquare_parent\tensquare_base\target\classes started by hnnw in E:\tensquare_parent)
2019-01-02 23:23:46.547  INFO 7976 --- [main] com.tensquare.base.BaseApplication       : No active profile set, falling back to default profiles: default
2019-01-02 23:23:46.678  INFO 7976 --- [main] ConfigServletWebServerApplicationContext : Refreshing org.springframework.boot.web.servlet.context.AnnotationConfigServletWebServerApplicationContext@7193666c: startup date [Wed Jan 02 23:23:46 CST 2019]; root of context hierarchy
2019-01-02 23:23:49.776  INFO 7976 --- [main] trationDelegate$BeanPostProcessorChecker : Bean 'org.springframework.transaction.annotation.ProxyTransactionManagementConfiguration' of type [org.springframework.transaction.annotation.ProxyTransactionManagementConfiguration$$EnhancerBySpringCGLIB$$d4399979] is not eligible for getting processed by all BeanPostProcessors (for example: not eligible for auto-proxying)
2019-01-02 23:23:51.242  INFO 7976 --- [main] o.s.b.w.embedded.tomcat.TomcatWebServer  : Tomcat initialized with port(s): 9001 (http)
2019-01-02 23:23:51.303  INFO 7976 --- [main] o.apache.catalina.core.StandardService   : Starting service [Tomcat]
2019-01-02 23:23:51.304  INFO 7976 --- [main] org.apache.catalina.core.StandardEngine  : Starting Servlet Engine: Apache Tomcat/8.5.29
2019-01-02 23:23:51.332  INFO 7976 --- [localhost-startStop-1] o.a.catalina.core.AprLifecycleListener   : The APR based Apache Tomcat Native library which allows optimal performance in production environments was not found on the java.library.path: [E:\Program Files\Java\jdk1.8.0_191\bin;C:\WINDOWS\Sun\Java\bin;C:\WINDOWS\system32;C:\WINDOWS;C:\Program Files (x86)\Common Files\Oracle\Java\javapath;E:\Program Files\Java\jdk-9.0.4\bin;E:\apache-maven-3.5.2\bin;C:\Program Files (x86)\Intel\iCLS Client\;C:\Program Files\Intel\iCLS Client\;C:\Windows\system32;C:\Windows;C:\Windows\System32\Wbem;C:\Windows\System32\WindowsPowerShell\v1.0\;C:\Program Files\Intel\Intel(R) Management Engine Components\DAL;C:\Program Files\Intel\Intel(R) Management Engine Components\IPT;C:\Program Files (x86)\Intel\Intel(R) Management Engine Components\DAL;C:\Program Files (x86)\Intel\Intel(R) Management Engine Components\IPT;C:\Program Files (x86)\Intel\OpenCL SDK\3.0\bin\x86;C:\Program Files (x86)\Intel\OpenCL SDK\3.0\bin\x64;C:\Program Files (x86)\NVIDIA Corporation\PhysX\Common;C:\WINDOWS\system32;C:\WINDOWS;C:\WINDOWS\System32\Wbem;C:\WINDOWS\System32\WindowsPowerShell\v1.0\;C:\WINDOWS\System32\OpenSSH\;E:\MySQL\MySQL Server 5.5\bin;E:\Program Files\nodejs\;C:\Program Files\Git\cmd;C:\Program Files\TortoiseGit\bin;C:\Users\hnnw\AppData\Local\Microsoft\WindowsApps;E:\Program Files\Java\jdk-9.0.4\bin;C:\Users\hnnw\AppData\Roaming\npm;.]
2019-01-02 23:23:51.628  INFO 7976 --- [localhost-startStop-1] o.a.c.c.C.[Tomcat].[localhost].[/]       : Initializing Spring embedded WebApplicationContext
2019-01-02 23:23:51.628  INFO 7976 --- [localhost-startStop-1] o.s.web.context.ContextLoader            : Root WebApplicationContext: initialization completed in 4950 ms
2019-01-02 23:23:51.937  INFO 7976 --- [localhost-startStop-1] o.s.b.w.servlet.ServletRegistrationBean  : Servlet dispatcherServlet mapped to [/]
2019-01-02 23:23:51.946  INFO 7976 --- [localhost-startStop-1] o.s.b.w.servlet.FilterRegistrationBean   : Mapping filter: 'characterEncodingFilter' to: [/*]
2019-01-02 23:23:51.947  INFO 7976 --- [localhost-startStop-1] o.s.b.w.servlet.FilterRegistrationBean   : Mapping filter: 'hiddenHttpMethodFilter' to: [/*]
2019-01-02 23:23:51.947  INFO 7976 --- [localhost-startStop-1] o.s.b.w.servlet.FilterRegistrationBean   : Mapping filter: 'httpPutFormContentFilter' to: [/*]
2019-01-02 23:23:51.948  INFO 7976 --- [localhost-startStop-1] o.s.b.w.servlet.FilterRegistrationBean   : Mapping filter: 'requestContextFilter' to: [/*]
2019-01-02 23:23:52.475  INFO 7976 --- [main] com.zaxxer.hikari.HikariDataSource       : HikariPool-1 - Starting...
2019-01-02 23:23:53.906  INFO 7976 --- [main] com.zaxxer.hikari.HikariDataSource       : HikariPool-1 - Start completed.
2019-01-02 23:23:53.980  INFO 7976 --- [main] j.LocalContainerEntityManagerFactoryBean : Building JPA container EntityManagerFactory for persistence unit 'default'
2019-01-02 23:23:54.015  INFO 7976 --- [main] o.hibernate.jpa.internal.util.LogHelper  : HHH000204: Processing PersistenceUnitInfo [
	name: default
	...]
2019-01-02 23:23:54.223  INFO 7976 --- [main] org.hibernate.Version                    : HHH000412: Hibernate Core {5.2.16.Final}
2019-01-02 23:23:54.226  INFO 7976 --- [main] org.hibernate.cfg.Environment            : HHH000206: hibernate.properties not found
2019-01-02 23:23:54.311  INFO 7976 --- [main] o.hibernate.annotations.common.Version   : HCANN000001: Hibernate Commons Annotations {5.0.1.Final}
2019-01-02 23:23:55.952  INFO 7976 --- [main] org.hibernate.dialect.Dialect            : HHH000400: Using dialect: org.hibernate.dialect.MySQL5Dialect
2019-01-02 23:23:57.006  INFO 7976 --- [main] j.LocalContainerEntityManagerFactoryBean : Initialized JPA EntityManagerFactory for persistence unit 'default'
2019-01-02 23:23:58.044  INFO 7976 --- [main] o.s.w.s.handler.SimpleUrlHandlerMapping  : Mapped URL path [/**/favicon.ico] onto handler of type [class org.springframework.web.servlet.resource.ResourceHttpRequestHandler]
2019-01-02 23:23:58.596  INFO 7976 --- [main] s.w.s.m.m.a.RequestMappingHandlerAdapter : Looking for @ControllerAdvice: org.springframework.boot.web.servlet.context.AnnotationConfigServletWebServerApplicationContext@7193666c: startup date [Wed Jan 02 23:23:46 CST 2019]; root of context hierarchy
2019-01-02 23:23:58.708  WARN 7976 --- [main] aWebConfiguration$JpaWebMvcConfiguration : spring.jpa.open-in-view is enabled by default. Therefore, database queries may be performed during view rendering. Explicitly configure spring.jpa.open-in-view to disable this warning
2019-01-02 23:23:58.793  INFO 7976 --- [main] s.w.s.m.m.a.RequestMappingHandlerMapping : Mapped "{[],methods=[POST]}" onto public entity.Result com.tensquare.base.controller.LabelContRoller.add(com.tensquare.base.pojo.Label)
2019-01-02 23:23:58.797  INFO 7976 --- [main] s.w.s.m.m.a.RequestMappingHandlerMapping : Mapped "{[/{id}],methods=[PUT]}" onto public entity.Result com.tensquare.base.controller.LabelContRoller.update(com.tensquare.base.pojo.Label,java.lang.String)
2019-01-02 23:23:58.798  INFO 7976 --- [main] s.w.s.m.m.a.RequestMappingHandlerMapping : Mapped "{[/{id}],methods=[DELETE]}" onto public entity.Result com.tensquare.base.controller.LabelContRoller.delete(java.lang.String)
2019-01-02 23:23:58.800  INFO 7976 --- [main] s.w.s.m.m.a.RequestMappingHandlerMapping : Mapped "{[],methods=[GET]}" onto public entity.Result com.tensquare.base.controller.LabelContRoller.findAll()
2019-01-02 23:23:58.800  INFO 7976 --- [main] s.w.s.m.m.a.RequestMappingHandlerMapping : Mapped "{[/{id}],methods=[GET]}" onto public entity.Result com.tensquare.base.controller.LabelContRoller.findById(java.lang.String)
2019-01-02 23:23:58.807  INFO 7976 --- [main] s.w.s.m.m.a.RequestMappingHandlerMapping : Mapped "{[/error]}" onto public org.springframework.http.ResponseEntity<java.util.Map<java.lang.String, java.lang.Object>> org.springframework.boot.autoconfigure.web.servlet.error.BasicErrorController.error(javax.servlet.http.HttpServletRequest)
2019-01-02 23:23:58.808  INFO 7976 --- [main] s.w.s.m.m.a.RequestMappingHandlerMapping : Mapped "{[/error],produces=[text/html]}" onto public org.springframework.web.servlet.ModelAndView org.springframework.boot.autoconfigure.web.servlet.error.BasicErrorController.errorHtml(javax.servlet.http.HttpServletRequest,javax.servlet.http.HttpServletResponse)
2019-01-02 23:23:58.874  INFO 7976 --- [main] o.s.w.s.handler.SimpleUrlHandlerMapping  : Mapped URL path [/webjars/**] onto handler of type [class org.springframework.web.servlet.resource.ResourceHttpRequestHandler]
2019-01-02 23:23:58.875  INFO 7976 --- [main] o.s.w.s.handler.SimpleUrlHandlerMapping  : Mapped URL path [/**] onto handler of type [class org.springframework.web.servlet.resource.ResourceHttpRequestHandler]
2019-01-02 23:23:58.911  INFO 7976 --- [main] .m.m.a.ExceptionHandlerExceptionResolver : Detected @ExceptionHandler methods in baseExceptionHandler
2019-01-02 23:23:59.511  INFO 7976 --- [main] o.s.j.e.a.AnnotationMBeanExporter        : Registering beans for JMX exposure on startup
2019-01-02 23:23:59.515  INFO 7976 --- [main] o.s.j.e.a.AnnotationMBeanExporter        : Bean with name 'dataSource' has been autodetected for JMX exposure
2019-01-02 23:23:59.526  INFO 7976 --- [main] o.s.j.e.a.AnnotationMBeanExporter        : Located MBean 'dataSource': registering with JMX server as MBean [com.zaxxer.hikari:name=dataSource,type=HikariDataSource]
2019-01-02 23:23:59.617  INFO 7976 --- [main] o.s.b.w.embedded.tomcat.TomcatWebServer  : Tomcat started on port(s): 9001 (http) with context path ''
2019-01-02 23:23:59.623  INFO 7976 --- [main] com.tensquare.base.BaseApplication       : Started BaseApplication in 14.058 seconds (JVM running for 15.281)
2019-01-02 23:24:07.530  INFO 7976 --- [http-nio-9001-exec-1] o.a.c.c.C.[Tomcat].[localhost].[/]       : Initializing Spring FrameworkServlet 'dispatcherServlet'
2019-01-02 23:24:07.530  INFO 7976 --- [http-nio-9001-exec-1] o.s.web.servlet.DispatcherServlet        : FrameworkServlet 'dispatcherServlet': initialization started
2019-01-02 23:24:07.589  INFO 7976 --- [http-nio-9001-exec-1] o.s.web.servlet.DispatcherServlet        : FrameworkServlet 'dispatcherServlet': initialization completed in 58 ms
2019-01-02 23:24:07.672 ERROR 7976 --- [http-nio-9001-exec-1] c.t.b.controller.BaseExceptionHandler    : / by zero
